<?xml version="1.0" encoding="UTF-8"?>
<!-- Generated by org.testng.reporters.JUnitReportReporter -->
<testsuite skipped="0" hostname="LAPTOP-UVUDJI20" name="Caseconfiguration.CaseConfig7" tests="1" failures="0" timestamp="2020-08-17T11:34:16 IST" time="105.666" errors="0">
  <testcase name="TestCaseConfig5" time="105.666" classname="Caseconfiguration.CaseConfig7"/>
  <system-out/>
</testsuite> <!-- Caseconfiguration.CaseConfig7 -->
