<?xml version="1.0" encoding="UTF-8"?>
<!-- Generated by org.testng.reporters.JUnitReportReporter -->
<testsuite skipped="0" hostname="LAPTOP-UVUDJI20" name="com.mirketa.addRRDuser.addRRDUser" tests="1" failures="0" timestamp="2020-08-04T18:56:46 IST" time="447.253" errors="0">
  <testcase name="TestCaseRRDUserCreation" time="447.253" classname="com.mirketa.addRRDuser.addRRDUser"/>
  <system-out/>
</testsuite> <!-- com.mirketa.addRRDuser.addRRDUser -->
