<?xml version="1.0" encoding="UTF-8"?>
<!-- Generated by org.testng.reporters.JUnitReportReporter -->
<testsuite skipped="0" hostname="LAPTOP-UVUDJI20" name="Enable_RRD_Online.Caseconfig2" tests="1" failures="0" timestamp="2020-08-10T17:17:17 IST" time="106.433" errors="0">
  <testcase name="TestCaseConfig5" time="106.433" classname="Enable_RRD_Online.Caseconfig2"/>
  <system-out/>
</testsuite> <!-- Enable_RRD_Online.Caseconfig2 -->
