<?xml version="1.0" encoding="UTF-8"?>
<!-- Generated by org.testng.reporters.JUnitReportReporter -->
<testsuite skipped="0" hostname="LAPTOP-UVUDJI20" name="Enable_RBA.Caseconfig" tests="1" failures="0" timestamp="2020-08-11T12:08:31 IST" time="103.289" errors="0">
  <testcase name="TestCaseConfig5" time="103.289" classname="Enable_RBA.Caseconfig"/>
  <system-out/>
</testsuite> <!-- Enable_RBA.Caseconfig -->
