<?xml version="1.0" encoding="UTF-8"?>
<!-- Generated by org.testng.reporters.JUnitReportReporter -->
<testsuite skipped="0" hostname="LAPTOP-UVUDJI20" name="Scenario_EnableRRD_All.DefineTeam_All" tests="1" failures="0" timestamp="2020-07-27T20:35:55 IST" time="204.393" errors="0">
  <testcase name="TestCaseRRDUserCreation" time="204.393" classname="Scenario_EnableRRD_All.DefineTeam_All"/>
  <system-out/>
</testsuite> <!-- Scenario_EnableRRD_All.DefineTeam_All -->
