<?xml version="1.0" encoding="UTF-8"?>
<!-- Generated by org.testng.reporters.JUnitReportReporter -->
<testsuite skipped="0" hostname="LAPTOP-UVUDJI20" name="Caseconfiguration.CaseConfig12" tests="1" failures="0" timestamp="2020-08-12T12:30:19 IST" time="113.869" errors="0">
  <testcase name="TestCaseConfig12" time="113.869" classname="Caseconfiguration.CaseConfig12"/>
  <system-out/>
</testsuite> <!-- Caseconfiguration.CaseConfig12 -->
