<?xml version="1.0" encoding="UTF-8"?>
<!-- Generated by org.testng.reporters.JUnitReportReporter -->
<testsuite skipped="0" hostname="LAPTOP-UVUDJI20" name="CaseCreation_Allocation.CaseAllocation_config15" tests="1" failures="0" timestamp="2020-08-16T17:22:03 IST" time="683.746" errors="0">
  <testcase name="CaseCreation_config15" time="683.746" classname="CaseCreation_Allocation.CaseAllocation_config15"/>
  <system-out/>
</testsuite> <!-- CaseCreation_Allocation.CaseAllocation_config15 -->
