<?xml version="1.0" encoding="UTF-8"?>
<!-- Generated by org.testng.reporters.JUnitReportReporter -->
<testsuite skipped="0" hostname="LAPTOP-UVUDJI20" name="Scenario_none_EnableRRD.CaseConfig" tests="1" failures="0" timestamp="2020-07-21T11:55:09 IST" time="115.156" errors="0">
  <testcase name="TestCaseConfig5" time="115.156" classname="Scenario_none_EnableRRD.CaseConfig"/>
  <system-out/>
</testsuite> <!-- Scenario_none_EnableRRD.CaseConfig -->
