<?xml version="1.0" encoding="UTF-8"?>
<!-- Generated by org.testng.reporters.JUnitReportReporter -->
<testsuite skipped="0" hostname="LAPTOP-UVUDJI20" name="CaseCreation_Allocation.CaseAllocation_config8" tests="1" failures="0" timestamp="2020-08-17T13:41:45 IST" time="315.166" errors="0">
  <testcase name="CaseCreation_config8" time="315.166" classname="CaseCreation_Allocation.CaseAllocation_config8"/>
  <system-out/>
</testsuite> <!-- CaseCreation_Allocation.CaseAllocation_config8 -->
