<?xml version="1.0" encoding="UTF-8"?>
<!-- Generated by org.testng.reporters.JUnitReportReporter -->
<testsuite skipped="0" hostname="LAPTOP-UVUDJI20" name="CaseCreation_Allocation.CaseAllocation_config5" tests="1" failures="0" timestamp="2020-08-17T14:58:39 IST" time="386.223" errors="0">
  <testcase name="CaseCreation_config5" time="386.223" classname="CaseCreation_Allocation.CaseAllocation_config5"/>
  <system-out/>
</testsuite> <!-- CaseCreation_Allocation.CaseAllocation_config5 -->
