<?xml version="1.0" encoding="UTF-8"?>
<!-- Generated by org.testng.reporters.JUnitReportReporter -->
<testsuite skipped="0" hostname="LAPTOP-UVUDJI20" name="CaseCreation_Allocation.CaseAllocation_config2" tests="1" failures="0" timestamp="2020-08-14T11:38:34 IST" time="344.225" errors="0">
  <testcase name="CaseCreation_config2" time="344.225" classname="CaseCreation_Allocation.CaseAllocation_config2"/>
  <system-out/>
</testsuite> <!-- CaseCreation_Allocation.CaseAllocation_config2 -->
