<?xml version="1.0" encoding="UTF-8"?>
<!-- Generated by org.testng.reporters.JUnitReportReporter -->
<testsuite skipped="0" hostname="LAPTOP-UVUDJI20" name="Scenario_EnableQueueassignment.Defineteam" tests="1" failures="0" timestamp="2020-07-24T11:53:51 IST" time="144.631" errors="0">
  <testcase name="TestCaseRRDUserCreation" time="144.631" classname="Scenario_EnableQueueassignment.Defineteam"/>
  <system-out/>
</testsuite> <!-- Scenario_EnableQueueassignment.Defineteam -->
