<?xml version="1.0" encoding="UTF-8"?>
<!-- Generated by org.testng.reporters.JUnitReportReporter -->
<testsuite skipped="0" hostname="LAPTOP-UVUDJI20" name="Caseconfiguration.CaseConfig6" tests="1" failures="0" timestamp="2020-08-16T01:11:50 IST" time="109.567" errors="0">
  <testcase name="TestCaseConfig5" time="109.567" classname="Caseconfiguration.CaseConfig6"/>
  <system-out/>
</testsuite> <!-- Caseconfiguration.CaseConfig6 -->
