<?xml version="1.0" encoding="UTF-8"?>
<!-- Generated by org.testng.reporters.JUnitReportReporter -->
<testsuite skipped="0" hostname="LAPTOP-UVUDJI20" name="Caseconfiguration.CaseConfig1" tests="1" failures="0" timestamp="2020-08-14T11:11:05 IST" time="122.599" errors="0">
  <testcase name="TestCaseConfig1" time="122.599" classname="Caseconfiguration.CaseConfig1"/>
  <system-out/>
</testsuite> <!-- Caseconfiguration.CaseConfig1 -->
