<?xml version="1.0" encoding="UTF-8"?>
<!-- Generated by org.testng.reporters.JUnitReportReporter -->
<testsuite skipped="0" hostname="LAPTOP-UVUDJI20" name="Caseconfiguration.CaseConfig9" tests="1" failures="0" timestamp="2020-08-17T14:00:02 IST" time="110.053" errors="0">
  <testcase name="TestCaseConfig5" time="110.053" classname="Caseconfiguration.CaseConfig9"/>
  <system-out/>
</testsuite> <!-- Caseconfiguration.CaseConfig9 -->
