<?xml version="1.0" encoding="UTF-8"?>
<!-- Generated by org.testng.reporters.JUnitReportReporter -->
<testsuite skipped="0" hostname="LAPTOP-UVUDJI20" name="Scenario_Handle_High_priority.Case_creation_priority" tests="1" failures="0" timestamp="2020-08-07T13:31:45 IST" time="441.486" errors="0">
  <testcase name="CaseCreationTest" time="441.486" classname="Scenario_Handle_High_priority.Case_creation_priority"/>
  <system-out/>
</testsuite> <!-- Scenario_Handle_High_priority.Case_creation_priority -->
