<?xml version="1.0" encoding="UTF-8"?>
<!-- Generated by org.testng.reporters.JUnitReportReporter -->
<testsuite skipped="0" hostname="LAPTOP-UVUDJI20" name="Scenario_EnableRRD_All.CaseConfigAll" tests="1" failures="0" timestamp="2020-07-27T20:35:55 IST" time="116.369" errors="0">
  <testcase name="TestCaseConfig5" time="116.369" classname="Scenario_EnableRRD_All.CaseConfigAll"/>
  <system-out/>
</testsuite> <!-- Scenario_EnableRRD_All.CaseConfigAll -->
