<?xml version="1.0" encoding="UTF-8"?>
<!-- Generated by org.testng.reporters.JUnitReportReporter -->
<testsuite skipped="0" hostname="LAPTOP-UVUDJI20" name="Scenario_DefTeam_Case.Scenario2test" tests="1" failures="0" timestamp="2020-07-26T13:12:31 IST" time="369.318" errors="0">
  <testcase name="Scenario2" time="369.318" classname="Scenario_DefTeam_Case.Scenario2test"/>
  <system-out/>
</testsuite> <!-- Scenario_DefTeam_Case.Scenario2test -->
