<?xml version="1.0" encoding="UTF-8"?>
<!-- Generated by org.testng.reporters.JUnitReportReporter -->
<testsuite skipped="0" hostname="LAPTOP-UVUDJI20" name="Enable_RRD_Online.Definesetuponline" tests="1" failures="0" timestamp="2020-08-10T17:28:58 IST" time="217.384" errors="0">
  <testcase name="Defineteamsetup" time="217.384" classname="Enable_RRD_Online.Definesetuponline"/>
  <system-out/>
</testsuite> <!-- Enable_RRD_Online.Definesetuponline -->
