<?xml version="1.0" encoding="UTF-8"?>
<!-- Generated by org.testng.reporters.JUnitReportReporter -->
<testsuite skipped="0" hostname="LAPTOP-UVUDJI20" name="Caseconfiguration.preRbaCaseconfigonline" tests="1" failures="0" timestamp="2020-08-17T12:54:07 IST" time="120.295" errors="0">
  <testcase name="PreRBAcaseconfigOnline" time="120.295" classname="Caseconfiguration.preRbaCaseconfigonline"/>
  <system-out/>
</testsuite> <!-- Caseconfiguration.preRbaCaseconfigonline -->
