<?xml version="1.0" encoding="UTF-8"?>
<!-- Generated by org.testng.reporters.JUnitReportReporter -->
<testsuite skipped="0" hostname="LAPTOP-UVUDJI20" name="com.mirketa.teamnewcriteria.TestcaseTeamnewCriteria" tests="1" failures="0" timestamp="2020-08-04T17:38:14 IST" time="289.176" errors="0">
  <testcase name="NewTeamCriteria" time="289.176" classname="com.mirketa.teamnewcriteria.TestcaseTeamnewCriteria"/>
  <system-out/>
</testsuite> <!-- com.mirketa.teamnewcriteria.TestcaseTeamnewCriteria -->
