<?xml version="1.0" encoding="UTF-8"?>
<!-- Generated by org.testng.reporters.JUnitReportReporter -->
<testsuite skipped="0" hostname="LAPTOP-UVUDJI20" name="Scenario1.Scenario2test" tests="1" failures="0" timestamp="2020-07-19T11:45:00 IST" time="170.031" errors="0">
  <testcase name="Scenario2" time="170.031" classname="Scenario1.Scenario2test"/>
  <system-out/>
</testsuite> <!-- Scenario1.Scenario2test -->
