<?xml version="1.0" encoding="UTF-8"?>
<!-- Generated by org.testng.reporters.JUnitReportReporter -->
<testsuite skipped="0" hostname="LAPTOP-UVUDJI20" name="com.mirketa.testcase.qat54.QAT54_CaseConfiguration5Test" tests="1" failures="0" timestamp="2020-08-05T10:38:32 IST" time="98.744" errors="0">
  <testcase name="TestCaseConfig5" time="98.744" classname="com.mirketa.testcase.qat54.QAT54_CaseConfiguration5Test"/>
  <system-out/>
</testsuite> <!-- com.mirketa.testcase.qat54.QAT54_CaseConfiguration5Test -->
