<?xml version="1.0" encoding="UTF-8"?>
<!-- Generated by org.testng.reporters.JUnitReportReporter -->
<testsuite skipped="0" hostname="LAPTOP-UVUDJI20" name="Enable_RRD_Online.CaseCreationOnline" tests="1" failures="0" timestamp="2020-08-10T17:36:51 IST" time="450.665" errors="0">
  <testcase name="CaseCreationTest" time="450.665" classname="Enable_RRD_Online.CaseCreationOnline"/>
  <system-out/>
</testsuite> <!-- Enable_RRD_Online.CaseCreationOnline -->
