<?xml version="1.0" encoding="UTF-8"?>
<!-- Generated by org.testng.reporters.JUnitReportReporter -->
<testsuite skipped="0" hostname="LAPTOP-UVUDJI20" name="Caseconfiguration.CaseConfig10" tests="1" failures="0" timestamp="2020-08-11T19:21:27 IST" time="111.036" errors="0">
  <testcase name="TestCaseConfig5" time="111.036" classname="Caseconfiguration.CaseConfig10"/>
  <system-out/>
</testsuite> <!-- Caseconfiguration.CaseConfig10 -->
