<?xml version="1.0" encoding="UTF-8"?>
<!-- Generated by org.testng.reporters.JUnitReportReporter -->
<testsuite skipped="0" hostname="LAPTOP-UVUDJI20" name="Scenario_Handle_High_priority.CaseConfigpriorityHandle" tests="1" failures="0" timestamp="2020-08-07T13:13:47 IST" time="103.138" errors="0">
  <testcase name="TestCaseConfig5" time="103.138" classname="Scenario_Handle_High_priority.CaseConfigpriorityHandle"/>
  <system-out/>
</testsuite> <!-- Scenario_Handle_High_priority.CaseConfigpriorityHandle -->
