<?xml version="1.0" encoding="UTF-8"?>
<!-- Generated by org.testng.reporters.JUnitReportReporter -->
<testsuite skipped="0" hostname="LAPTOP-UVUDJI20" name="CaseCreation_Allocation.CaseAllocation_config7" tests="1" failures="0" timestamp="2020-08-17T11:39:37 IST" time="304.431" errors="0">
  <testcase name="CaseCreation_config7" time="304.431" classname="CaseCreation_Allocation.CaseAllocation_config7"/>
  <system-out/>
</testsuite> <!-- CaseCreation_Allocation.CaseAllocation_config7 -->
