<?xml version="1.0" encoding="UTF-8"?>
<!-- Generated by org.testng.reporters.JUnitReportReporter -->
<testsuite skipped="0" hostname="LAPTOP-UVUDJI20" name="Caseconfiguration.CaseConfig3" tests="1" failures="0" timestamp="2020-08-14T11:50:19 IST" time="122.672" errors="0">
  <testcase name="TestCaseConfig3" time="122.672" classname="Caseconfiguration.CaseConfig3"/>
  <system-out/>
</testsuite> <!-- Caseconfiguration.CaseConfig3 -->
