<?xml version="1.0" encoding="UTF-8"?>
<!-- Generated by org.testng.reporters.JUnitReportReporter -->
<testsuite skipped="0" hostname="LAPTOP-UVUDJI20" name="Caseconfiguration.PreRbacaseconfig" tests="1" failures="0" timestamp="2020-08-17T11:53:06 IST" time="124.183" errors="0">
  <testcase name="PreRBAcaseconfig" time="124.183" classname="Caseconfiguration.PreRbacaseconfig"/>
  <system-out/>
</testsuite> <!-- Caseconfiguration.PreRbacaseconfig -->
