<?xml version="1.0" encoding="UTF-8"?>
<!-- Generated by org.testng.reporters.JUnitReportReporter -->
<testsuite skipped="0" hostname="LAPTOP-UVUDJI20" name="com.mirketa.teamsetupQAT67.TestCaseTeam" tests="1" failures="0" timestamp="2020-08-04T13:37:16 IST" time="144.648" errors="0">
  <testcase name="TestCaseTeamCreation" time="144.648" classname="com.mirketa.teamsetupQAT67.TestCaseTeam"/>
  <system-out/>
</testsuite> <!-- com.mirketa.teamsetupQAT67.TestCaseTeam -->
