<?xml version="1.0" encoding="UTF-8"?>
<!-- Generated by org.testng.reporters.JUnitReportReporter -->
<testsuite skipped="0" hostname="LAPTOP-UVUDJI20" name="CaseCreation_Allocation.CaseAllocation_config1" tests="1" failures="0" timestamp="2020-08-14T11:17:46 IST" time="316.341" errors="0">
  <testcase name="CaseCreation_config1" time="316.341" classname="CaseCreation_Allocation.CaseAllocation_config1"/>
  <system-out/>
</testsuite> <!-- CaseCreation_Allocation.CaseAllocation_config1 -->
