<?xml version="1.0" encoding="UTF-8"?>
<!-- Generated by org.testng.reporters.JUnitReportReporter -->
<testsuite skipped="0" hostname="LAPTOP-UVUDJI20" name="Scenario_EnableQueueassignment.Caseconfigqueue" tests="1" failures="0" timestamp="2020-07-24T11:53:51 IST" time="109.290" errors="0">
  <testcase name="TestCaseConfig5" time="109.290" classname="Scenario_EnableQueueassignment.Caseconfigqueue"/>
  <system-out/>
</testsuite> <!-- Scenario_EnableQueueassignment.Caseconfigqueue -->
