<?xml version="1.0" encoding="UTF-8"?>
<!-- Generated by org.testng.reporters.JUnitReportReporter -->
<testsuite skipped="0" hostname="LAPTOP-UVUDJI20" name="Caseconfiguration.CaseConfig2" tests="1" failures="0" timestamp="2020-08-14T11:28:34 IST" time="124.875" errors="0">
  <testcase name="TestCaseConfig2" time="124.875" classname="Caseconfiguration.CaseConfig2"/>
  <system-out/>
</testsuite> <!-- Caseconfiguration.CaseConfig2 -->
