<?xml version="1.0" encoding="UTF-8"?>
<!-- Generated by org.testng.reporters.JUnitReportReporter -->
<testsuite skipped="0" hostname="LAPTOP-UVUDJI20" name="Caseconfiguration.CaseConfig11" tests="1" failures="0" timestamp="2020-08-12T12:33:16 IST" time="102.891" errors="0">
  <testcase name="TestCaseConfig11" time="102.891" classname="Caseconfiguration.CaseConfig11"/>
  <system-out/>
</testsuite> <!-- Caseconfiguration.CaseConfig11 -->
