<?xml version="1.0" encoding="UTF-8"?>
<!-- Generated by org.testng.reporters.JUnitReportReporter -->
<testsuite skipped="0" hostname="LAPTOP-UVUDJI20" name="OnlineUsers.Online_usertest" tests="1" failures="0" timestamp="2020-08-17T17:27:39 IST" time="56.914" errors="0">
  <testcase name="onlineuser" time="56.914" classname="OnlineUsers.Online_usertest"/>
  <system-out/>
</testsuite> <!-- OnlineUsers.Online_usertest -->
