<?xml version="1.0" encoding="UTF-8"?>
<!-- Generated by org.testng.reporters.JUnitReportReporter -->
<testsuite skipped="0" hostname="LAPTOP-UVUDJI20" name="CaseCreation_Allocation.PreRbaCaseAllocation8Online" tests="1" failures="0" timestamp="2020-08-17T13:04:10 IST" time="174.418" errors="0">
  <testcase name="PreRBAcaseAllocation8" time="174.418" classname="CaseCreation_Allocation.PreRbaCaseAllocation8Online"/>
  <system-out/>
</testsuite> <!-- CaseCreation_Allocation.PreRbaCaseAllocation8Online -->
