<?xml version="1.0" encoding="UTF-8"?>
<!-- Generated by org.testng.reporters.JUnitReportReporter -->
<testsuite skipped="0" hostname="LAPTOP-UVUDJI20" name="DefineTeamSetup.DefineTeam" tests="1" failures="0" timestamp="2020-08-17T12:35:11 IST" time="2256.342" errors="0">
  <testcase name="DefineTeamSetup" time="2256.342" classname="DefineTeamSetup.DefineTeam"/>
  <system-out/>
</testsuite> <!-- DefineTeamSetup.DefineTeam -->
