<?xml version="1.0" encoding="UTF-8"?>
<!-- Generated by org.testng.reporters.JUnitReportReporter -->
<testsuite skipped="0" hostname="LAPTOP-UVUDJI20" name="CaseCreation_Allocation.CaseAllocation_config16" tests="1" failures="0" timestamp="2020-08-16T17:54:58 IST" time="428.532" errors="0">
  <testcase name="CaseCreation_config16" time="428.532" classname="CaseCreation_Allocation.CaseAllocation_config16"/>
  <system-out/>
</testsuite> <!-- CaseCreation_Allocation.CaseAllocation_config16 -->
