<?xml version="1.0" encoding="UTF-8"?>
<!-- Generated by org.testng.reporters.JUnitReportReporter -->
<testsuite skipped="0" hostname="LAPTOP-UVUDJI20" name="Caseconfiguration.CaseConfig4" tests="1" failures="0" timestamp="2020-08-14T16:41:49 IST" time="118.699" errors="0">
  <testcase name="TestCaseConfig4" time="118.699" classname="Caseconfiguration.CaseConfig4"/>
  <system-out/>
</testsuite> <!-- Caseconfiguration.CaseConfig4 -->
