<?xml version="1.0" encoding="UTF-8"?>
<!-- Generated by org.testng.reporters.JUnitReportReporter -->
<testsuite skipped="0" hostname="LAPTOP-UVUDJI20" name="Caseconfiguration.CaseConfig16" tests="1" failures="0" timestamp="2020-08-16T17:47:33 IST" time="107.069" errors="0">
  <testcase name="TestCaseConfig16" time="107.069" classname="Caseconfiguration.CaseConfig16"/>
  <system-out/>
</testsuite> <!-- Caseconfiguration.CaseConfig16 -->
