<?xml version="1.0" encoding="UTF-8"?>
<!-- Generated by org.testng.reporters.JUnitReportReporter -->
<testsuite skipped="0" hostname="LAPTOP-UVUDJI20" name="Caseconfiguration.CaseConfig5" tests="1" failures="0" timestamp="2020-08-15T20:11:46 IST" time="128.857" errors="0">
  <testcase name="TestCaseConfig5" time="128.857" classname="Caseconfiguration.CaseConfig5"/>
  <system-out/>
</testsuite> <!-- Caseconfiguration.CaseConfig5 -->
