<?xml version="1.0" encoding="UTF-8"?>
<!-- Generated by org.testng.reporters.JUnitReportReporter -->
<testsuite skipped="0" hostname="LAPTOP-UVUDJI20" name="Scenario_EnableRRD_All.Casecreated_All" tests="1" failures="0" timestamp="2020-07-27T20:35:55 IST" time="831.030" errors="0">
  <testcase name="CaseCreationTest" time="831.030" classname="Scenario_EnableRRD_All.Casecreated_All"/>
  <system-out/>
</testsuite> <!-- Scenario_EnableRRD_All.Casecreated_All -->
