<?xml version="1.0" encoding="UTF-8"?>
<!-- Generated by org.testng.reporters.JUnitReportReporter -->
<testsuite skipped="0" hostname="LAPTOP-UVUDJI20" name="CaseCreation_Allocation.CaseAllocation_config4" tests="1" failures="0" timestamp="2020-08-14T16:47:27 IST" time="304.988" errors="0">
  <testcase name="CaseCreation_config4" time="304.988" classname="CaseCreation_Allocation.CaseAllocation_config4"/>
  <system-out/>
</testsuite> <!-- CaseCreation_Allocation.CaseAllocation_config4 -->
