<?xml version="1.0" encoding="UTF-8"?>
<!-- Generated by org.testng.reporters.JUnitReportReporter -->
<testsuite skipped="0" hostname="LAPTOP-UVUDJI20" name="Caseconfiguration.CaseConfig15" tests="1" failures="0" timestamp="2020-08-16T17:06:55 IST" time="104.779" errors="0">
  <testcase name="TestCaseConfig15" time="104.779" classname="Caseconfiguration.CaseConfig15"/>
  <system-out/>
</testsuite> <!-- Caseconfiguration.CaseConfig15 -->
