<?xml version="1.0" encoding="UTF-8"?>
<!-- Generated by org.testng.reporters.JUnitReportReporter -->
<testsuite skipped="0" hostname="LAPTOP-UVUDJI20" name="CaseCreation_Allocation.CaseAllocation_config3" tests="1" failures="0" timestamp="2020-08-14T12:06:05 IST" time="318.188" errors="0">
  <testcase name="CaseCreation_config3" time="318.188" classname="CaseCreation_Allocation.CaseAllocation_config3"/>
  <system-out/>
</testsuite> <!-- CaseCreation_Allocation.CaseAllocation_config3 -->
