<?xml version="1.0" encoding="UTF-8"?>
<!-- Generated by org.testng.reporters.JUnitReportReporter -->
<testsuite skipped="0" hostname="LAPTOP-UVUDJI20" name="Enable_RBA.DefineTeamSetup" tests="1" failures="0" timestamp="2020-08-11T12:21:21 IST" time="207.961" errors="0">
  <testcase name="TestCaseRRDUserCreation" time="207.961" classname="Enable_RBA.DefineTeamSetup"/>
  <system-out/>
</testsuite> <!-- Enable_RBA.DefineTeamSetup -->
