<?xml version="1.0" encoding="UTF-8"?>
<!-- Generated by org.testng.reporters.JUnitReportReporter -->
<testsuite skipped="0" hostname="LAPTOP-UVUDJI20" name="Enable_RRD_Online.Online_usertest" tests="1" failures="0" timestamp="2020-08-10T17:15:39 IST" time="44.605" errors="0">
  <testcase name="onlineuser" time="44.605" classname="Enable_RRD_Online.Online_usertest"/>
  <system-out/>
</testsuite> <!-- Enable_RRD_Online.Online_usertest -->
