<?xml version="1.0" encoding="UTF-8"?>
<!-- Generated by org.testng.reporters.JUnitReportReporter -->
<testsuite skipped="0" hostname="LAPTOP-UVUDJI20" name="testcheck.scenario1" tests="1" failures="0" timestamp="2020-07-14T12:36:00 IST" time="213.140" errors="0">
  <testcase name="CaseCreationTest" time="213.140" classname="testcheck.scenario1"/>
  <system-out/>
</testsuite> <!-- testcheck.scenario1 -->
