<?xml version="1.0" encoding="UTF-8"?>
<!-- Generated by org.testng.reporters.JUnitReportReporter -->
<testsuite skipped="0" hostname="LAPTOP-UVUDJI20" name="CaseCreation_Allocation.PreRBACaseAllocation" tests="1" failures="0" timestamp="2020-08-14T16:39:27 IST" time="178.786" errors="0">
  <testcase name="PreRBAcaseAllocation" time="178.786" classname="CaseCreation_Allocation.PreRBACaseAllocation"/>
  <system-out/>
</testsuite> <!-- CaseCreation_Allocation.PreRBACaseAllocation -->
