<?xml version="1.0" encoding="UTF-8"?>
<!-- Generated by org.testng.reporters.JUnitReportReporter -->
<testsuite skipped="0" hostname="LAPTOP-UVUDJI20" name="Scenario_Handle_High_priority.DefineTeamSetup" tests="1" failures="0" timestamp="2020-08-07T13:23:19 IST" time="287.513" errors="0">
  <testcase name="NewTeamCriteria" time="287.513" classname="Scenario_Handle_High_priority.DefineTeamSetup"/>
  <system-out/>
</testsuite> <!-- Scenario_Handle_High_priority.DefineTeamSetup -->
